node.exe : [1m[31mTypeEr
ror:[39m[22m The 
"mcopy" instruction is 
only available for 
Cancun-compatible VMs 
(you are currently 
compiling for "paris").
At C:\Program 
Files\nodejs\npx.ps1:29 
char:3
+   & $NODE_EXE 
$NPX_CLI_JS $args
+   ~~~~~~~~~~~~~~~~~~~~~~
~~~~~~~
    + CategoryInfo        
      : NotSpecified: (  
  [1m[31mTypeEr...g fo   
 r "paris").:String) [    
], RemoteException
    + FullyQualifiedError 
   Id : NativeCommandErr  
  or
 
  --> @openzeppelin/contra
cts/utils/Bytes.sol:94:13:
   |
94 |             
mcopy(add(result, 0x20), 
add(add(buffer, 0x20), 
start), sub(end, start))
   |             ^^^^^


[1m[31mTypeError:[39m[
22m The "mcopy" 
instruction is only 
available for 
Cancun-compatible VMs 
(you are currently 
compiling for "paris").
   --> @openzeppelin/contr
acts/utils/Bytes.sol:124:1
3:
    |
124 |             
mcopy(add(buffer, 0x20), 
add(add(buffer, 0x20), 
start), sub(end, start))
    |             ^^^^^


[1m[31mTypeError:[39m[
22m The "mcopy" 
instruction is only 
available for 
Cancun-compatible VMs 
(you are currently 
compiling for "paris").
   --> @openzeppelin/contr
acts/utils/Bytes.sol:168:1
3:
    |
168 |             
mcopy(add(add(buffer, 
0x20), pos), 
add(add(replacement, 
0x20), offset), length)
    |             ^^^^^


[1m[31mTypeError:[39m[
22m The "mcopy" 
instruction is only 
available for 
Cancun-compatible VMs 
(you are currently 
compiling for "paris").
   --> @openzeppelin/contr
acts/utils/Bytes.sol:195:1
7:
    |
195 |                 
mcopy(add(result, 
offset), add(input, 
0x20), mload(input))
    |                 
^^^^^


[1m[31mTypeError:[39m[
22m The "mcopy" 
instruction is only 
available for 
Cancun-compatible VMs 
(you are currently 
compiling for "paris").
  --> @openzeppelin/contra
cts/utils/cryptography/Sig
natureChecker.sol:83:13:
   |
83 |             
mcopy(add(ptr, 0x44), 
signature, add(length, 
0x20))
   |             ^^^^^


[31m[1mError[22m[39m 
[31m[1mHH600:[22m[39m 
Compilation failed

For more info go to https:
//v2.hardhat.org/HH600 or 
run Hardhat with 
--show-stack-traces
